
=== Sun Mar 15 22:15:56 2020

Packages were changed.
Update Mode: mergeDefaultDependencies

The following packages were added:
  com.unity.analytics@3.2.3
  com.unity.purchasing@2.0.3
  com.unity.ads@2.0.8
  com.unity.package-manager-ui@2.0.8
  com.unity.collab-proxy@1.2.15
  com.unity.modules.cloth@1.0.0
  com.unity.modules.director@1.0.0
  com.unity.modules.terrainphysics@1.0.0
  com.unity.modules.tilemap@1.0.0
  com.unity.modules.uielements@1.0.0
  com.unity.modules.umbra@1.0.0
  com.unity.modules.unityanalytics@1.0.0
  com.unity.modules.vehicles@1.0.0
  com.unity.modules.video@1.0.0
  com.unity.modules.wind@1.0.0

=== Wed Apr 22 05:58:38 2020

Packages were changed.
Update Mode: mergeDefaultDependencies

The following packages were added:
  com.unity.build-report-inspector@0.1.2-preview
